This is pdfTeX, Version 3.141592653-2.6-1.40.25 (MiKTeX 23.10) (preloaded format=pdflatex 2023.11.16)  2 APR 2024 20:16
entering extended mode
 restricted \write18 enabled.
 file:line:error style messages enabled.
 %&-line parsing enabled.
**c:/Users/jcalbert/Documents/GitHub/Dionysos.jl/paper/paper.tex
(c:/Users/jcalbert/Documents/GitHub/Dionysos.jl/paper/paper.tex
LaTeX2e <2023-06-01> patch level 1
L3 programming layer <2023-08-29>
(juliacon.cls (C:\Users\jcalbert\AppData\Local\Programs\MiKTeX\tex/latex/psnfss\helvet.sty
Package: helvet 2020/03/25 PSNFSS-v9.3 (WaS) 
 (C:\Users\jcalbert\AppData\Local\Programs\MiKTeX\tex/latex/graphics\keyval.sty
Package: keyval 2022/05/29 v1.15 key=value parser (DPC)
\KV@toks@=\toks17
))
Document Class: juliacon 
(C:\Users\jcalbert\AppData\Local\Programs\MiKTeX\tex/latex/base\latexsym.sty
Package: latexsym 1998/08/17 v2.2e Standard LaTeX package (lasy symbols)
\symlasy=\mathgroup4
LaTeX Font Info:    Overwriting symbol font `lasy' in version `bold'
(Font)                  U/lasy/m/n --> U/lasy/b/n on input line 52.
) (C:\Users\jcalbert\AppData\Local\Programs\MiKTeX\tex/latex/url\url.sty
\Urlmuskip=\muskip16
Package: url 2013/09/16  ver 3.4  Verb mode for urls, etc.
) (C:\Users\jcalbert\AppData\Local\Programs\MiKTeX\tex/latex/base\inputenc.sty
Package: inputenc 2021/02/14 v1.3d Input encoding file
\inpenc@prehook=\toks18
\inpenc@posthook=\toks19
) (C:\Users\jcalbert\AppData\Local\Programs\MiKTeX\tex/latex/base\fontenc.sty
Package: fontenc 2021/04/29 v2.0v Standard LaTeX package
)
\trimheight=\dimen140
\trimwidth=\dimen141
\typeheight=\dimen142
\typewidth=\dimen143
\normaltextheight=\dimen144
\blindfoliodrop=\dimen145
\tempbox=\box51
 (journal_dat.tex)
\tempdimen=\dimen146
\normaltextheight=\dimen147
\c@secnumbookdepth=\count185
\c@theorem=\count186
\c@strategy=\count187
\c@property=\count188
\c@proposition=\count189
\c@exam=\count190
\c@part=\count191
\c@section=\count192
\c@subsection=\count193
\c@subsubsection=\count194
\c@paragraph=\count195
\c@figure=\count196
\c@table=\count197
\belowcaptionskip=\skip48
\tbbox=\box52
\tabledim=\dimen148
\@narrowfig=\dimen149
\@nfigbox=\box53
\@nfcapbox=\box54
\@abstract=\box55
\@terms=\box56
\@keywords=\box57
\bibindent=\dimen150
LaTeX Info: Redefining \cal on input line 900.
 (C:\Users\jcalbert\AppData\Local\Programs\MiKTeX\tex/latex/psnfss\times.sty
Package: times 2020/03/25 PSNFSS-v9.3 (SPQR) 
) (C:\Users\jcalbert\AppData\Local\Programs\MiKTeX\tex/latex/tools\bm.sty
Package: bm 2022/01/05 v1.2f Bold Symbol Support (DPC/FMi)
\symboldoperators=\mathgroup5
\symboldletters=\mathgroup6
\symboldsymbols=\mathgroup7
Package bm Info: No bold for \OMX/cmex/m/n, using \pmb.
\symboldlasy=\mathgroup8
LaTeX Font Info:    Redeclaring math alphabet \mathbf on input line 149.
LaTeX Info: Redefining \bm on input line 219.
) (C:\Users\jcalbert\AppData\Local\Programs\MiKTeX\tex/latex/graphics\graphicx.sty
Package: graphicx 2021/09/16 v1.2d Enhanced LaTeX Graphics (DPC,SPQR)
 (C:\Users\jcalbert\AppData\Local\Programs\MiKTeX\tex/latex/graphics\graphics.sty
Package: graphics 2022/03/10 v1.4e Standard LaTeX Graphics (DPC,SPQR)
 (C:\Users\jcalbert\AppData\Local\Programs\MiKTeX\tex/latex/graphics\trig.sty
Package: trig 2021/08/11 v1.11 sin cos tan (DPC)
) (C:\Users\jcalbert\AppData\Local\Programs\MiKTeX\tex/latex/graphics-cfg\graphics.cfg
File: graphics.cfg 2016/06/04 v1.11 sample graphics configuration
)
Package graphics Info: Driver file: pdftex.def on input line 107.
 (C:\Users\jcalbert\AppData\Local\Programs\MiKTeX\tex/latex/graphics-def\pdftex.def
File: pdftex.def 2022/09/22 v1.2b Graphics/color driver for pdftex
))
\Gin@req@height=\dimen151
\Gin@req@width=\dimen152
) (C:\Users\jcalbert\AppData\Local\Programs\MiKTeX\tex/latex/hyperref\hyperref.sty
Package: hyperref 2023-07-08 v7.01b Hypertext links for LaTeX
 (C:\Users\jcalbert\AppData\Local\Programs\MiKTeX\tex/generic/ltxcmds\ltxcmds.sty
Package: ltxcmds 2020-05-10 v1.25 LaTeX kernel commands for general use (HO)
) (C:\Users\jcalbert\AppData\Local\Programs\MiKTeX\tex/generic/iftex\iftex.sty
Package: iftex 2022/02/03 v1.0f TeX engine tests
) (C:\Users\jcalbert\AppData\Local\Programs\MiKTeX\tex/generic/pdftexcmds\pdftexcmds.sty
Package: pdftexcmds 2020-06-27 v0.33 Utility functions of pdfTeX for LuaTeX (HO)
 (C:\Users\jcalbert\AppData\Local\Programs\MiKTeX\tex/generic/infwarerr\infwarerr.sty
Package: infwarerr 2019/12/03 v1.5 Providing info/warning/error messages (HO)
)
Package pdftexcmds Info: \pdf@primitive is available.
Package pdftexcmds Info: \pdf@ifprimitive is available.
Package pdftexcmds Info: \pdfdraftmode found.
) (C:\Users\jcalbert\AppData\Local\Programs\MiKTeX\tex/latex/kvsetkeys\kvsetkeys.sty
Package: kvsetkeys 2022-10-05 v1.19 Key value parser (HO)
) (C:\Users\jcalbert\AppData\Local\Programs\MiKTeX\tex/generic/kvdefinekeys\kvdefinekeys.sty
Package: kvdefinekeys 2019-12-19 v1.6 Define keys (HO)
) (C:\Users\jcalbert\AppData\Local\Programs\MiKTeX\tex/generic/pdfescape\pdfescape.sty
Package: pdfescape 2019/12/09 v1.15 Implements pdfTeX's escape features (HO)
) (C:\Users\jcalbert\AppData\Local\Programs\MiKTeX\tex/latex/hycolor\hycolor.sty
Package: hycolor 2020-01-27 v1.10 Color options for hyperref/bookmark (HO)
) (C:\Users\jcalbert\AppData\Local\Programs\MiKTeX\tex/latex/letltxmacro\letltxmacro.sty
Package: letltxmacro 2019/12/03 v1.6 Let assignment for LaTeX macros (HO)
) (C:\Users\jcalbert\AppData\Local\Programs\MiKTeX\tex/latex/auxhook\auxhook.sty
Package: auxhook 2019-12-17 v1.6 Hooks for auxiliary files (HO)
) (C:\Users\jcalbert\AppData\Local\Programs\MiKTeX\tex/latex/hyperref\nameref.sty
Package: nameref 2023-08-07 v2.53 Cross-referencing by name of section
 (C:\Users\jcalbert\AppData\Local\Programs\MiKTeX\tex/latex/refcount\refcount.sty
Package: refcount 2019/12/15 v3.6 Data extraction from label references (HO)
) (C:\Users\jcalbert\AppData\Local\Programs\MiKTeX\tex/generic/gettitlestring\gettitlestring.sty
Package: gettitlestring 2019/12/15 v1.6 Cleanup title references (HO)
 (C:\Users\jcalbert\AppData\Local\Programs\MiKTeX\tex/latex/kvoptions\kvoptions.sty
Package: kvoptions 2022-06-15 v3.15 Key value format for package options (HO)
))
\c@section@level=\count198
) (C:\Users\jcalbert\AppData\Local\Programs\MiKTeX\tex/latex/etoolbox\etoolbox.sty
Package: etoolbox 2020/10/05 v2.5k e-TeX tools for LaTeX (JAW)
\etb@tempcnta=\count199
)
\@linkdim=\dimen153
\Hy@linkcounter=\count266
\Hy@pagecounter=\count267
 (C:\Users\jcalbert\AppData\Local\Programs\MiKTeX\tex/latex/hyperref\pd1enc.def
File: pd1enc.def 2023-07-08 v7.01b Hyperref: PDFDocEncoding definition (HO)
Now handling font encoding PD1 ...
... no UTF-8 mapping file for font encoding PD1
) (C:\Users\jcalbert\AppData\Local\Programs\MiKTeX\tex/generic/intcalc\intcalc.sty
Package: intcalc 2019/12/15 v1.3 Expandable calculations with integers (HO)
)
\Hy@SavedSpaceFactor=\count268
 (C:\Users\jcalbert\AppData\Local\Programs\MiKTeX\tex/latex/hyperref\puenc.def
File: puenc.def 2023-07-08 v7.01b Hyperref: PDF Unicode definition (HO)
Now handling font encoding PU ...
... no UTF-8 mapping file for font encoding PU
)
Package hyperref Info: Hyper figures OFF on input line 4167.
Package hyperref Info: Link nesting OFF on input line 4172.
Package hyperref Info: Hyper index ON on input line 4175.
Package hyperref Info: Plain pages OFF on input line 4182.
Package hyperref Info: Backreferencing OFF on input line 4187.
Package hyperref Info: Implicit mode ON; LaTeX internals redefined.
Package hyperref Info: Bookmarks ON on input line 4434.
\c@Hy@tempcnt=\count269
LaTeX Info: Redefining \url on input line 4772.
\XeTeXLinkMargin=\dimen154
 (C:\Users\jcalbert\AppData\Local\Programs\MiKTeX\tex/generic/bitset\bitset.sty
Package: bitset 2019/12/09 v1.3 Handle bit-vector datatype (HO)
 (C:\Users\jcalbert\AppData\Local\Programs\MiKTeX\tex/generic/bigintcalc\bigintcalc.sty
Package: bigintcalc 2019/12/15 v1.5 Expandable calculations on big integers (HO)
))
\Fld@menulength=\count270
\Field@Width=\dimen155
\Fld@charsize=\dimen156
Package hyperref Info: Hyper figures OFF on input line 6051.
Package hyperref Info: Link nesting OFF on input line 6056.
Package hyperref Info: Hyper index ON on input line 6059.
Package hyperref Info: backreferencing OFF on input line 6066.
Package hyperref Info: Link coloring OFF on input line 6071.
Package hyperref Info: Link coloring with OCG OFF on input line 6076.
Package hyperref Info: PDF/A mode OFF on input line 6081.
 (C:\Users\jcalbert\AppData\Local\Programs\MiKTeX\tex/latex/base\atbegshi-ltx.sty
Package: atbegshi-ltx 2021/01/10 v1.0c Emulation of the original atbegshi
package with kernel methods
)
\Hy@abspage=\count271
\c@Item=\count272
\c@Hfootnote=\count273
)
Package hyperref Info: Driver (autodetected): hpdftex.
 (C:\Users\jcalbert\AppData\Local\Programs\MiKTeX\tex/latex/hyperref\hpdftex.def
File: hpdftex.def 2023-07-08 v7.01b Hyperref driver for pdfTeX
 (C:\Users\jcalbert\AppData\Local\Programs\MiKTeX\tex/latex/base\atveryend-ltx.sty
Package: atveryend-ltx 2020/08/19 v1.0a Emulation of the original atveryend package
with kernel methods
)
\Fld@listcount=\count274
\c@bookmark@seq@number=\count275
 (C:\Users\jcalbert\AppData\Local\Programs\MiKTeX\tex/latex/rerunfilecheck\rerunfilecheck.sty
Package: rerunfilecheck 2022-07-10 v1.10 Rerun checks for auxiliary files (HO)
 (C:\Users\jcalbert\AppData\Local\Programs\MiKTeX\tex/generic/uniquecounter\uniquecounter.sty
Package: uniquecounter 2019/12/15 v1.4 Provide unlimited unique counter (HO)
)
Package uniquecounter Info: New unique counter `rerunfilecheck' on input line 285.
)
\Hy@SectionHShift=\skip49
) (jlcode.sty
-- Package: `jlcode' 2.1 <2018/03/06> --
Package: jlcode 2018/03/06 2.1
(C:\Users\jcalbert\AppData\Local\Programs\MiKTeX\tex/latex/listings\listings.sty
\lst@mode=\count276
\lst@gtempboxa=\box58
\lst@token=\toks20
\lst@length=\count277
\lst@currlwidth=\dimen157
\lst@column=\count278
\lst@pos=\count279
\lst@lostspace=\dimen158
\lst@width=\dimen159
\lst@newlines=\count280
\lst@lineno=\count281
\abovecaptionskip=\skip50
\belowcaptionskip=\skip51
\lst@maxwidth=\dimen160
 (C:\Users\jcalbert\AppData\Local\Programs\MiKTeX\tex/latex/listings\lstmisc.sty
File: lstmisc.sty 2023/02/27 1.9 (Carsten Heinz)
\c@lstnumber=\count282
\lst@skipnumbers=\count283
\lst@framebox=\box59
) (C:\Users\jcalbert\AppData\Local\Programs\MiKTeX\tex/latex/listings\listings.cfg
File: listings.cfg 2023/02/27 1.9 listings configuration
))
Package: listings 2023/02/27 1.9 (Carsten Heinz)
 (C:\Users\jcalbert\AppData\Local\Programs\MiKTeX\tex/latex/xcolor\xcolor.sty
Package: xcolor 2022/06/12 v2.14 LaTeX color extensions (UK)
 (C:\Users\jcalbert\AppData\Local\Programs\MiKTeX\tex/latex/graphics-cfg\color.cfg
File: color.cfg 2016/01/02 v1.6 sample color configuration
)
Package xcolor Info: Driver file: pdftex.def on input line 227.
 (C:\Users\jcalbert\AppData\Local\Programs\MiKTeX\tex/latex/graphics\mathcolor.ltx)
Package xcolor Info: Model `cmy' substituted by `cmy0' on input line 1353.
Package xcolor Info: Model `hsb' substituted by `rgb' on input line 1357.
Package xcolor Info: Model `RGB' extended on input line 1369.
Package xcolor Info: Model `HTML' substituted by `rgb' on input line 1371.
Package xcolor Info: Model `Hsb' substituted by `hsb' on input line 1372.
Package xcolor Info: Model `tHsb' substituted by `hsb' on input line 1373.
Package xcolor Info: Model `HSB' substituted by `hsb' on input line 1374.
Package xcolor Info: Model `Gray' substituted by `gray' on input line 1375.
Package xcolor Info: Model `wave' substituted by `hsb' on input line 1376.
) (C:\Users\jcalbert\AppData\Local\Programs\MiKTeX\tex/latex/base\textcomp.sty
Package: textcomp 2020/02/02 v2.0n Standard LaTeX package
) (C:\Users\jcalbert\AppData\Local\Programs\MiKTeX\tex/latex/amsfonts\amssymb.sty
Package: amssymb 2013/01/14 v3.01 AMS font symbols
 (C:\Users\jcalbert\AppData\Local\Programs\MiKTeX\tex/latex/amsfonts\amsfonts.sty
Package: amsfonts 2013/01/14 v3.01 Basic AMSFonts support
\@emptytoks=\toks21
\symAMSa=\mathgroup9
\symAMSb=\mathgroup10
LaTeX Font Info:    Redeclaring math symbol \hbar on input line 98.
LaTeX Font Info:    Overwriting math alphabet `\mathfrak' in version `bold'
(Font)                  U/euf/m/n --> U/euf/b/n on input line 106.
)) (C:\Users\jcalbert\AppData\Local\Programs\MiKTeX\tex/latex/eurosym\eurosym.sty
Package: eurosym 1998/08/06 v1.1 European currency symbol ``Euro''
\@eurobox=\box60
) (C:\Users\jcalbert\AppData\Local\Programs\MiKTeX\tex/latex/base\fontenc.sty
Package: fontenc 2021/04/29 v2.0v Standard LaTeX package
LaTeX Font Info:    Trying to load font information for T1+ptm on input line 112.
 (C:\Users\jcalbert\AppData\Local\Programs\MiKTeX\tex/latex/psnfss\t1ptm.fd
File: t1ptm.fd 2001/06/04 font definitions for T1/ptm.
)) (C:\Users\jcalbert\AppData\Local\Programs\MiKTeX\tex/latex/tools\calc.sty
Package: calc 2017/05/25 v4.3 Infix arithmetic (KKT,FJ)
\calc@Acount=\count284
\calc@Bcount=\count285
\calc@Adimen=\dimen161
\calc@Bdimen=\dimen162
\calc@Askip=\skip52
\calc@Bskip=\skip53
LaTeX Info: Redefining \setlength on input line 80.
LaTeX Info: Redefining \addtolength on input line 81.
\calc@Ccount=\count286
\calc@Cskip=\skip54
)
\bfem=\skip55
LaTeX Font Info:    Trying to load font information for T1+cmtt on input line 414.
 (C:\Users\jcalbert\AppData\Local\Programs\MiKTeX\tex/latex/base\t1cmtt.fd
File: t1cmtt.fd 2023/04/13 v2.5m Standard LaTeX font definitions
)
\xmrgn=\skip56
) (C:\Users\jcalbert\AppData\Local\Programs\MiKTeX\tex/latex/preprint\authblk.sty
Package: authblk 2001/02/27 1.3 (PWD)
\affilsep=\skip57
\@affilsep=\skip58
\c@Maxaffil=\count287
\c@authors=\count288
\c@affil=\count289
) (C:\Users\jcalbert\AppData\Local\Programs\MiKTeX\tex/latex/caption\caption.sty
Package: caption 2023/08/05 v3.6o Customizing captions (AR)
 (C:\Users\jcalbert\AppData\Local\Programs\MiKTeX\tex/latex/caption\caption3.sty
Package: caption3 2023/07/31 v2.4d caption3 kernel (AR)
\caption@tempdima=\dimen163
\captionmargin=\dimen164
\caption@leftmargin=\dimen165
\caption@rightmargin=\dimen166
\caption@width=\dimen167
\caption@indent=\dimen168
\caption@parindent=\dimen169
\caption@hangindent=\dimen170
Package caption Info: Unknown document class (or package),
(caption)             standard defaults will be used.
Package caption Info: \@makecaption = \long macro:#1#2->\ifx \FigName \@captype \vskip 7.3pt \setbox \@tempboxa \hbox {\figcaptionfont {#1}.\hskip 7.3pt\relax #2\par }\ifdim \wd \@tempboxa >\hsize \figcaptionfont {#1}.\hskip 7.3pt\relax #2\par \else \centerline {\box \@tempboxa }\fi \else \setbox \tbbox =\vbox {\hsize \tempdimen {\tablenumfont #1}\ {\tablecaptionfont #2\par }}\setbox \@tempboxa \hbox {\hsize \tempdimen {\tablenumfont #1}\ {\tablecaptionfont #2\par }\vphantom {jgq}}\ifdim \wd \@tempboxa >\tempdimen \centerline {\box \tbbox }\else \centerline {\box \@tempboxa }\fi \vskip \belowcaptionskip \fi  on input line 1175.
)

Package caption Warning: Unknown document class (or package),
(caption)                standard defaults will be used.
See the caption package documentation for explanation.

\c@caption@flags=\count290
\c@continuedfloat=\count291
Package caption Info: hyperref package is loaded.
Package caption Info: listings package is loaded.
)) (C:\Users\jcalbert\AppData\Local\Programs\MiKTeX\tex/latex/amsmath\amsmath.sty
Package: amsmath 2023/05/13 v2.17o AMS math features
\@mathmargin=\skip59

For additional information on amsmath, use the `?' option.
(C:\Users\jcalbert\AppData\Local\Programs\MiKTeX\tex/latex/amsmath\amstext.sty
Package: amstext 2021/08/26 v2.01 AMS text
 (C:\Users\jcalbert\AppData\Local\Programs\MiKTeX\tex/latex/amsmath\amsgen.sty
File: amsgen.sty 1999/11/30 v2.0 generic functions
\@emptytoks=\toks22
\ex@=\dimen171
)) (C:\Users\jcalbert\AppData\Local\Programs\MiKTeX\tex/latex/amsmath\amsbsy.sty
Package: amsbsy 1999/11/29 v1.2d Bold Symbols
LaTeX Info: Redefining \boldsymbol on input line 28.
\pmbraise@=\dimen172
) (C:\Users\jcalbert\AppData\Local\Programs\MiKTeX\tex/latex/amsmath\amsopn.sty
Package: amsopn 2022/04/08 v2.04 operator names
)
\inf@bad=\count292
LaTeX Info: Redefining \frac on input line 234.
\uproot@=\count293
\leftroot@=\count294
LaTeX Info: Redefining \overline on input line 399.
LaTeX Info: Redefining \colon on input line 410.
\classnum@=\count295
\DOTSCASE@=\count296
LaTeX Info: Redefining \ldots on input line 496.
LaTeX Info: Redefining \dots on input line 499.
LaTeX Info: Redefining \cdots on input line 620.
\Mathstrutbox@=\box61
\strutbox@=\box62
LaTeX Info: Redefining \big on input line 722.
LaTeX Info: Redefining \Big on input line 723.
LaTeX Info: Redefining \bigg on input line 724.
LaTeX Info: Redefining \Bigg on input line 725.
\big@size=\dimen173
LaTeX Font Info:    Redeclaring font encoding OML on input line 743.
LaTeX Font Info:    Redeclaring font encoding OMS on input line 744.
\macc@depth=\count297
LaTeX Info: Redefining \bmod on input line 905.
LaTeX Info: Redefining \pmod on input line 910.
LaTeX Info: Redefining \smash on input line 940.
LaTeX Info: Redefining \relbar on input line 970.
LaTeX Info: Redefining \Relbar on input line 971.
\c@MaxMatrixCols=\count298
\dotsspace@=\muskip17
\c@parentequation=\count299
\dspbrk@lvl=\count300
\tag@help=\toks23
\row@=\count301
\column@=\count302
\maxfields@=\count303
\andhelp@=\toks24
\eqnshift@=\dimen174
\alignsep@=\dimen175
\tagshift@=\dimen176
\tagwidth@=\dimen177
\totwidth@=\dimen178
\lineht@=\dimen179
\@envbody=\toks25
\multlinegap=\skip60
\multlinetaggap=\skip61
\mathdisplay@stack=\toks26
LaTeX Info: Redefining \[ on input line 2953.
LaTeX Info: Redefining \] on input line 2954.
) (C:\Users\jcalbert\AppData\Local\Programs\MiKTeX\tex/latex/l3backend\l3backend-pdftex.def
File: l3backend-pdftex.def 2023-04-19 L3 backend support: PDF output (pdfTeX)
\l__color_backend_stack_int=\count304
\l__pdf_internal_box=\box63
) (paper.aux)
\openout1 = `paper.aux'.

LaTeX Font Info:    Checking defaults for OML/cmm/m/it on input line 8.
LaTeX Font Info:    ... okay on input line 8.
LaTeX Font Info:    Checking defaults for OMS/cmsy/m/n on input line 8.
LaTeX Font Info:    ... okay on input line 8.
LaTeX Font Info:    Checking defaults for OT1/cmr/m/n on input line 8.
LaTeX Font Info:    ... okay on input line 8.
LaTeX Font Info:    Checking defaults for T1/cmr/m/n on input line 8.
LaTeX Font Info:    ... okay on input line 8.
LaTeX Font Info:    Checking defaults for TS1/cmr/m/n on input line 8.
LaTeX Font Info:    ... okay on input line 8.
LaTeX Font Info:    Checking defaults for OMX/cmex/m/n on input line 8.
LaTeX Font Info:    ... okay on input line 8.
LaTeX Font Info:    Checking defaults for U/cmr/m/n on input line 8.
LaTeX Font Info:    ... okay on input line 8.
LaTeX Font Info:    Checking defaults for PD1/pdf/m/n on input line 8.
LaTeX Font Info:    ... okay on input line 8.
LaTeX Font Info:    Checking defaults for PU/pdf/m/n on input line 8.
LaTeX Font Info:    ... okay on input line 8.
 (C:\Users\jcalbert\AppData\Local\Programs\MiKTeX\tex/context/base/mkii\supp-pdf.mkii
[Loading MPS to PDF converter (version 2006.09.02).]
\scratchcounter=\count305
\scratchdimen=\dimen180
\scratchbox=\box64
\nofMPsegments=\count306
\nofMParguments=\count307
\everyMPshowfont=\toks27
\MPscratchCnt=\count308
\MPscratchDim=\dimen181
\MPnumerator=\count309
\makeMPintoPDFobject=\count310
\everyMPtoPDFconversion=\toks28
) (C:\Users\jcalbert\AppData\Local\Programs\MiKTeX\tex/latex/epstopdf-pkg\epstopdf-base.sty
Package: epstopdf-base 2020-01-24 v2.11 Base part for package epstopdf
 (C:\Users\jcalbert\AppData\Local\Programs\MiKTeX\tex/latex/grfext\grfext.sty
Package: grfext 2019/12/03 v1.3 Manage graphics extensions (HO)
)
Package epstopdf-base Info: Redefining graphics rule for `.eps' on input line 485.
Package grfext Info: Graphics extension search list:
(grfext)             [.pdf,.png,.jpg,.mps,.jpeg,.jbig2,.jb2,.PDF,.PNG,.JPG,.JPEG,.JBIG2,.JB2,.eps]
(grfext)             \AppendGraphicsExtensions on input line 504.
 (C:\Users\jcalbert\AppData\Local\Programs\MiKTeX\tex/latex/00miktex\epstopdf-sys.cfg
File: epstopdf-sys.cfg 2021/03/18 v2.0 Configuration of epstopdf for MiKTeX
))
Package hyperref Info: Link coloring OFF on input line 8.
 (paper.out) (paper.out)
\@outlinefile=\write3
\openout3 = `paper.out'.

\c@lstlisting=\count311
Package caption Info: Begin \AtBeginDocument code.
Package caption Info: End \AtBeginDocument code.
 (header.tex) (macros.tex
\c@corollary=\count312
\c@condition=\count313
\c@assumption=\count314
)
<logojuliacon.pdf, id=63, 430.91032pt x 145.96547pt>
File: logojuliacon.pdf Graphic file (type pdf)
<use logojuliacon.pdf>
Package pdftex.def Info: logojuliacon.pdf  used on input line 13.
(pdftex.def)             Requested size: 72.26999pt x 24.4797pt.
LaTeX Font Info:    Trying to load font information for U+lasy on input line 13.
 (C:\Users\jcalbert\AppData\Local\Programs\MiKTeX\tex/latex/base\ulasy.fd
File: ulasy.fd 1998/08/17 v2.2e LaTeX symbol font definitions
)
LaTeX Font Info:    Trying to load font information for U+msa on input line 13.
 (C:\Users\jcalbert\AppData\Local\Programs\MiKTeX\tex/latex/amsfonts\umsa.fd
File: umsa.fd 2013/01/14 v3.01 AMS symbols A
)
LaTeX Font Info:    Trying to load font information for U+msb on input line 13.
 (C:\Users\jcalbert\AppData\Local\Programs\MiKTeX\tex/latex/amsfonts\umsb.fd
File: umsb.fd 2013/01/14 v3.01 AMS symbols B
)
LaTeX Font Info:    Font shape `U/lasy/b/n' in size <8> not available
(Font)              Font shape `U/lasy/m/n' tried instead on input line 13.
LaTeX Font Info:    Font shape `U/lasy/b/n' in size <6> not available
(Font)              Font shape `U/lasy/m/n' tried instead on input line 13.
LaTeX Font Info:    Font shape `U/lasy/b/n' in size <5> not available
(Font)              Font shape `U/lasy/m/n' tried instead on input line 14.


Package hyperref Warning: Ignoring empty anchor on input line 14.

LaTeX Font Info:    Font shape `U/lasy/b/n' in size <9> not available
(Font)              Font shape `U/lasy/m/n' tried instead on input line 39.

Underfull \hbox (badness 10000) has occurred while \output is active
  
 []

[1{C:/Users/jcalbert/AppData/Local/MiKTeX/fonts/map/pdftex/pdftex.map}{C:/Users/jcalbert/AppData/Local/Programs/MiKTeX/fonts/enc/dvips/base/8r.enc}
Non-PDF special ignored!
<special> papersize=8.5in,11in


 <./logojuliacon.pdf>]
<Figures/Abstraction/Abstraction-based-control.pdf, id=151, 578.16pt x 331.2375pt>
File: Figures/Abstraction/Abstraction-based-control.pdf Graphic file (type pdf)
<use Figures/Abstraction/Abstraction-based-control.pdf>
Package pdftex.def Info: Figures/Abstraction/Abstraction-based-control.pdf  used on input line 150.
(pdftex.def)             Requested size: 241.84842pt x 138.55777pt.
<Figures/Abstraction/strict-cover-partition.pdf, id=152, 298.23419pt x 144.54pt>
File: Figures/Abstraction/strict-cover-partition.pdf Graphic file (type pdf)
<use Figures/Abstraction/strict-cover-partition.pdf>
Package pdftex.def Info: Figures/Abstraction/strict-cover-partition.pdf  used on input line 156.
(pdftex.def)             Requested size: 241.84842pt x 117.2179pt.

Overfull \vbox (2.39996pt too high) has occurred while \output is active []


Underfull \hbox (badness 10000) has occurred while \output is active
  \T1/ptm/m/n/9 2
 []

[2 <./Figures/Abstraction/Abstraction-based-control.pdf> <./Figures/Abstraction/strict-cover-partition.pdf>]
Underfull \hbox (badness 1635) in paragraph at lines 195--196
[]\T1/ptm/m/n/9 This spe-cific re-la-tion al-lows a sim-ple con-cretiza-tion scheme
 []

<Figures/Abstraction/Piece-wise-constant.pdf, id=220, 443.7378pt x 173.68889pt>
File: Figures/Abstraction/Piece-wise-constant.pdf Graphic file (type pdf)
<use Figures/Abstraction/Piece-wise-constant.pdf>
Package pdftex.def Info: Figures/Abstraction/Piece-wise-constant.pdf  used on input line 237.
(pdftex.def)             Requested size: 227.62204pt x 89.09431pt.
<Figures/Abstraction/Piece-wise-dependent.pdf, id=221, 443.7378pt x 174.6525pt>
File: Figures/Abstraction/Piece-wise-dependent.pdf Graphic file (type pdf)
<use Figures/Abstraction/Piece-wise-dependent.pdf>
Package pdftex.def Info: Figures/Abstraction/Piece-wise-dependent.pdf  used on input line 244.
(pdftex.def)             Requested size: 227.62204pt x 89.5886pt.

Underfull \hbox (badness 5403) in paragraph at lines 252--256
[]\T1/ptm/m/n/9 In or-der to re-duce the num-ber of cells in the ab-strac-
 []

<Figures/Abstraction/Classical-vs-smart.pdf, id=223, 555.03355pt x 218.7372pt>
File: Figures/Abstraction/Classical-vs-smart.pdf Graphic file (type pdf)
<use Figures/Abstraction/Classical-vs-smart.pdf>
Package pdftex.def Info: Figures/Abstraction/Classical-vs-smart.pdf  used on input line 258.
(pdftex.def)             Requested size: 240.0pt x 94.5825pt.

Overfull \vbox (2.39996pt too high) has occurred while \output is active []


Underfull \hbox (badness 10000) has occurred while \output is active
  \T1/ptm/m/n/8 3
 []

[3 <./Figures/Abstraction/Piece-wise-constant.pdf>]
LaTeX Font Info:    Font shape `T1/cmtt/bx/n' in size <10> not available
(Font)              Font shape `T1/cmtt/m/n' tried instead on input line 268.

Underfull \hbox (badness 2096) in paragraph at lines 326--327
[]\T1/cmtt/m/n/9 error_map::F3\T1/ptm/m/n/9 , the dif-fer-ence be-tween \T1/cmtt/m/n/9 linsys_map \T1/ptm/m/n/9 and
 []


Overfull \vbox (2.39996pt too high) has occurred while \output is active []


Underfull \hbox (badness 10000) has occurred while \output is active
  \T1/ptm/m/n/9 4
 []

[4 <./Figures/Abstraction/Piece-wise-dependent.pdf> <./Figures/Abstraction/Classical-vs-smart.pdf>]
Underfull \hbox (badness 1708) in paragraph at lines 336--337
\T1/ptm/m/n/9 ries. For ex-am-ple, the struc-ture \T1/cmtt/m/n/9 ContinuousTrajectory{T,
 []


Underfull \hbox (badness 6125) in paragraph at lines 344--345
[]\T1/cmtt/m/n/9 OptimalControlProblem{S,XI,XT,XC,TC,T<:Real} \T1/ptm/m/n/9 is the
 []


Underfull \hbox (badness 3417) in paragraph at lines 353--354
\T1/ptm/m/n/9 Note that, in \T1/cmtt/m/n/9 Dionysos.jl\T1/ptm/m/n/9 , the ob-sta-cles are en-coded as
 []


Underfull \hbox (badness 1859) in paragraph at lines 353--354
\T1/ptm/m/n/9 part of the do-main of the sys-tem. The sec-ond struc-ture is
 []


Overfull \hbox (13.3856pt too wide) in paragraph at lines 367--377
 [][] 
 []


Underfull \hbox (badness 4254) in paragraph at lines 364--381
\T1/ptm/m/n/9 gies. All strate-gies are viewed as \T1/ptm/m/it/9 solvers \T1/ptm/m/n/9 in-her-it-ing from
 []


Underfull \hbox (badness 1142) in paragraph at lines 364--381
\T1/cmtt/m/n/9 JuMP.jl \T1/ptm/m/n/9 [[]], a pow-er-ful op-ti-miza-tion frame-work em-bed-ded
 []


Underfull \hbox (badness 2334) in paragraph at lines 364--381
\T1/ptm/m/n/9 type \T1/cmtt/m/n/9 MOI.AbstractOptimizer\T1/ptm/m/n/9 , and im-ple-ment the func-tion
 []

Package hyperref Info: bookmark level for unknown lstlisting defaults to 0 on input line 390.
LaTeX Font Info:    Font shape `T1/cmtt/bx/n' in size <7> not available
(Font)              Font shape `T1/cmtt/m/n' tried instead on input line 391.
<Figures/Package/structure.png, id=316, 375.4025pt x 333.245pt>
File: Figures/Package/structure.png Graphic file (type png)
<use Figures/Package/structure.png>
Package pdftex.def Info: Figures/Package/structure.png  used on input line 452.
(pdftex.def)             Requested size: 142.26378pt x 126.28864pt.

Underfull \vbox (badness 4660) has occurred while \output is active []


Overfull \vbox (2.39996pt too high) has occurred while \output is active []


Underfull \hbox (badness 10000) has occurred while \output is active
  \T1/ptm/m/n/8 5
 []

[5]
Underfull \hbox (badness 10000) in paragraph at lines 461--461
$[]$[][]\T1/ptm/m/n/8 See []$\T1/cmtt/m/n/8 https : / / dionysos-[]dev . github . io / Dionysos . jl / stable /
 []


Underfull \hbox (badness 6927) in paragraph at lines 485--491
[]\T1/ptm/m/n/9 The sys-tem in Ex-am-ple []1[], as well as other ex-am-ples,
 []


Underfull \hbox (badness 10000) in paragraph at lines 485--491
\T1/ptm/m/n/9 are al-ready de-fined in \T1/cmtt/m/n/9 Dionysos.jl/problems\T1/ptm/m/n/9 . The
 []


Underfull \hbox (badness 10000) in paragraph at lines 485--491
\T1/cmtt/m/n/9 OptimalControlProblem \T1/ptm/m/n/9 defin-ing the prob-lem in Ex-
 []


Underfull \hbox (badness 10000) in paragraph at lines 485--491
\T1/ptm/m/n/9 am-ple []1[] can be found in the \T1/cmtt/m/n/9 NonLinear \T1/ptm/m/n/9 mod-ule in
 []


Underfull \hbox (badness 2856) in paragraph at lines 513--519
[]\T1/ptm/m/n/9 In Code []5[], we solve the prob-lem and re-trieve the cor-re-
 []


Underfull \hbox (badness 1173) in paragraph at lines 513--519
\T1/ptm/m/n/9 troller (see Fig-ure []1[]). Note that ev-ery op-er-a-tion fol-lows the
 []


Overfull \hbox (5.64001pt too wide) in paragraph at lines 531--532
[][][][][][][][][][][][][][][][][][][][][][][] 
 []


Overfull \hbox (5.64001pt too wide) in paragraph at lines 535--536
[][][][][][][][][][][][][][][][][][][][][][][] 
 []

<Figures/Example/abs.pdf, id=396, 451.6875pt x 301.125pt>
File: Figures/Example/abs.pdf Graphic file (type pdf)
<use Figures/Example/abs.pdf>
Package pdftex.def Info: Figures/Example/abs.pdf  used on input line 556.
(pdftex.def)             Requested size: 240.0pt x 160.00441pt.

Underfull \vbox (badness 10000) has occurred while \output is active []


Overfull \vbox (2.39996pt too high) has occurred while \output is active []


Underfull \hbox (badness 10000) has occurred while \output is active
  \T1/ptm/m/n/9 6
 []

[6 <./Figures/Package/structure.png>]
Underfull \hbox (badness 10000) in paragraph at lines 612--612
[]\T1/ptm/m/n/8 Table 2. : |Com-para-i-son be-tween SCOTS and \T1/cmtt/m/n/8 Dionysos.jl
 []


Underfull \hbox (badness 3260) in paragraph at lines 612--612
\T1/ptm/m/n/8 (\T1/cmtt/m/n/8 AB.UniformGridAbstraction \T1/ptm/m/n/8 solver from Ta-ble []1[]) for the two
 []

<Figures/Benchmarking/dcdc.png, id=470, 360.34625pt x 356.33125pt>
File: Figures/Benchmarking/dcdc.png Graphic file (type png)
<use Figures/Benchmarking/dcdc.png>
Package pdftex.def Info: Figures/Benchmarking/dcdc.png  used on input line 624.
(pdftex.def)             Requested size: 144.00146pt x 142.39404pt.
<Figures/Benchmarking/vehicle.png, id=473, 357.335pt x 356.33125pt>
File: Figures/Benchmarking/vehicle.png Graphic file (type png)
<use Figures/Benchmarking/vehicle.png>
Package pdftex.def Info: Figures/Benchmarking/vehicle.png  used on input line 629.
(pdftex.def)             Requested size: 144.00146pt x 143.59566pt.
(bib.tex (paper.bbl
Overfull \vbox (2.39996pt too high) has occurred while \output is active []


Underfull \hbox (badness 10000) has occurred while \output is active
  \T1/ptm/m/n/9 7
 []

[7 <./Figures/Example/abs.pdf> <./Figures/Benchmarking/dcdc.png> <./Figures/Benchmarking/vehicle.png>]
Underfull \hbox (badness 1490) in paragraph at lines 42--46
\T1/ptm/m/n/9 tems in-te-grat-ing logic, dy-nam-ics, and con-straints. \T1/ptm/m/it/9 Au-to-
 []


Underfull \hbox (badness 2096) in paragraph at lines 42--46
\T1/ptm/m/it/9 mat-ica\T1/ptm/m/n/9 , 35(3):407--427, March 1999. []doi:10.1016/s0005-
 []


Underfull \hbox (badness 1845) in paragraph at lines 60--63
[]\T1/ptm/m/n/9 Alessandro Borri, Gior-dano Pola, and Maria Domenica
 []


Underfull \hbox (badness 1540) in paragraph at lines 91--94
[]\T1/ptm/m/n/9 Julien Cal-bert, Sébastien Mat-tenet, An-toine Gi-rard, and
 []


Underfull \hbox (badness 2894) in paragraph at lines 134--137
[]\T1/ptm/m/n/9 Kyoung-Dae Kim and Pan-gana-mala R Ku-mar. Cyber--
 []


Underfull \hbox (badness 1852) in paragraph at lines 154--158
[]\T1/ptm/m/n/9 Benoît Legat, Marcelo Forets, Chris-tian Schilling, kpo-
 []


Underfull \hbox (badness 3068) in paragraph at lines 160--164
[]\T1/ptm/m/n/9 Benoît Legat, Raphaël M Jungers, and Jean Bouchat.
 []


Underfull \hbox (badness 4582) in paragraph at lines 179--183
[]\T1/ptm/m/n/9 Frederik Baym-ler Math-iesen, Morteza Lahi-ja-nian, and
 []


Underfull \hbox (badness 4266) in paragraph at lines 179--183
\T1/ptm/m/n/9 Luca Lau-renti. In-ter-valMDP.jl: Ac-cel-er-ated Value It-er-
 []


Underfull \hbox (badness 6675) in paragraph at lines 179--183
\T1/ptm/m/n/9 a-tion for In-ter-val Markov De-ci-sion Pro-cesses, 2024.
 []


Overfull \vbox (2.39996pt too high) has occurred while \output is active []


Underfull \hbox (badness 10000) has occurred while \output is active
  \T1/ptm/m/n/9 8
 []

[8]
Underfull \hbox (badness 6927) in paragraph at lines 191--195
[]\T1/ptm/m/n/9 Sebti Mouelhi, An-toine Gi-rard, and Gre-gor Gössler.
 []


Underfull \hbox (badness 1043) in paragraph at lines 208--211
\T1/ptm/m/n/9 Feed-back re-fine-ment re-la-tions for the syn-the-sis of sym-
 []

))
Overfull \vbox (2.39996pt too high) has occurred while \output is active []


Underfull \hbox (badness 10000) has occurred while \output is active
  \T1/ptm/m/n/9 9
 []

[9

] (paper.aux)
 ***********
LaTeX2e <2023-06-01> patch level 1
L3 programming layer <2023-08-29>
 ***********
Package rerunfilecheck Info: File `paper.out' has not changed.
(rerunfilecheck)             Checksum: 55A80048C552E08E0D71C2F9B93F42FB;2088.
 ) 
Here is how much of TeX's memory you used:
 15218 strings out of 475247
 233073 string characters out of 5756375
 1998785 words of memory out of 5000000
 36319 multiletter control sequences out of 15000+600000
 618565 words of font info for 136 fonts, out of 8000000 for 9000
 1141 hyphenation exceptions out of 8191
 90i,15n,93p,915b,1876s stack positions out of 10000i,1000n,20000p,200000b,200000s
 <C:\Users\jcalbert\AppData\Local\MiKTeX\fonts/pk/ljfour/jknappen/ec/dpi525\ectt0800.pk> <C:\Users\jcalbert\AppData\Local\MiKTeX\fonts/pk/ljfour/jknappen/ec/dpi600\ectt0800.pk> <C:\Users\jcalbert\AppData\Local\MiKTeX\fonts/pk/ljfour/jknappen/ec/dpi600\ectt0900.pk> <C:\Users\jcalbert\AppData\Local\MiKTeX\fonts/pk/ljfour/jknappen/ec/dpi600\ectt1000.pk><C:/Users/jcalbert/AppData/Local/Programs/MiKTeX/fonts/type1/public/amsfonts/cmextra/cmex9.pfb><C:/Users/jcalbert/AppData/Local/Programs/MiKTeX/fonts/type1/public/amsfonts/cm/cmmi5.pfb><C:/Users/jcalbert/AppData/Local/Programs/MiKTeX/fonts/type1/public/amsfonts/cm/cmmi6.pfb><C:/Users/jcalbert/AppData/Local/Programs/MiKTeX/fonts/type1/public/amsfonts/cm/cmmi8.pfb><C:/Users/jcalbert/AppData/Local/Programs/MiKTeX/fonts/type1/public/amsfonts/cm/cmmi9.pfb><C:/Users/jcalbert/AppData/Local/Programs/MiKTeX/fonts/type1/public/amsfonts/cmextra/cmmib9.pfb><C:/Users/jcalbert/AppData/Local/Programs/MiKTeX/fonts/type1/public/amsfonts/cm/cmr5.pfb><C:/Users/jcalbert/AppData/Local/Programs/MiKTeX/fonts/type1/public/amsfonts/cm/cmr6.pfb><C:/Users/jcalbert/AppData/Local/Programs/MiKTeX/fonts/type1/public/amsfonts/cm/cmr8.pfb><C:/Users/jcalbert/AppData/Local/Programs/MiKTeX/fonts/type1/public/amsfonts/cm/cmr9.pfb><C:/Users/jcalbert/AppData/Local/Programs/MiKTeX/fonts/type1/public/amsfonts/cm/cmsy10.pfb><C:/Users/jcalbert/AppData/Local/Programs/MiKTeX/fonts/type1/public/amsfonts/latxfont/lcircle1.pfb><C:/Users/jcalbert/AppData/Local/Programs/MiKTeX/fonts/type1/public/amsfonts/symbols/msbm10.pfb><C:/Users/jcalbert/AppData/Local/Programs/MiKTeX/fonts/type1/urw/times/utmb8a.pfb><C:/Users/jcalbert/AppData/Local/Programs/MiKTeX/fonts/type1/urw/times/utmr8a.pfb><C:/Users/jcalbert/AppData/Local/Programs/MiKTeX/fonts/type1/urw/times/utmri8a.pfb>
Output written on paper.pdf (9 pages, 1086377 bytes).
PDF statistics:
 1227 PDF objects out of 1440 (max. 8388607)
 192 named destinations out of 1000 (max. 500000)
 171 words of extra memory for PDF output out of 10000 (max. 10000000)

